Command line:
   Tb_Rf_isim_beh.exe
     -simmode  gui
     -simrunnum  0
     -socket  50763

Mon Oct 02 20:32:44 2017


 Elaboration Time: 0.046875 sec

 Current Memory Usage: 839.766 Meg

 Total Signals          : 15
 Total Nets             : 1392
 Total Signal Drivers   : 8
 Total Blocks           : 5
 Total Primitive Blocks : 4
 Total Processes        : 2
 Total Traceable Variables  : 10
 Total Scalar Nets and Variables : 1770
Total Line Count : 16

 Total Simulation Time: 0.078125 sec

 Current Memory Usage: 682.48 Meg

Mon Oct 02 20:34:15 2017

