Command line:
   Tb_Im_isim_beh.exe
     -simmode  gui
     -simrunnum  0
     -socket  50741

Mon Oct 02 20:07:21 2017


 Elaboration Time: 0.03125 sec

 Current Memory Usage: 843.907 Meg

 Total Signals          : 9
 Total Nets             : 2114
 Total Signal Drivers   : 4
 Total Blocks           : 6
 Total Primitive Blocks : 5
 Total Processes        : 3
 Total Traceable Variables  : 11
 Total Scalar Nets and Variables : 2493
Total Line Count : 12

 Total Simulation Time: 0.046875 sec

 Current Memory Usage: 843.907 Meg

Mon Oct 02 20:07:25 2017

